PHP Warning:  Module 'newrelic' already loaded in Unknown on line 0

   Symfony\Component\Debug\Exception\FatalThrowableError  : Argument 2 passed to Illuminate\Log\LogManager::info() must be of the type array, integer given, called in /var/www/html/sumitm/sjpanel.com/public_html/sjpanel-live/vendor/laravel/framework/src/Illuminate/Support/Facades/Facade.php on line 237

  at /var/www/html/sumitm/sjpanel.com/public_html/sjpanel-live/vendor/laravel/framework/src/Illuminate/Log/LogManager.php:540
    536|      * @param array  $context
    537|      *
    538|      * @return void
    539|      */
  > 540|     public function info($message, array $context = [])
    541|     {
    542|         $this->driver()->info($message, $context);
    543|     }
    544|

  Exception trace:

  1   Illuminate\Log\LogManager::info("This is an Traffic table data.")
      /var/www/html/sumitm/sjpanel.com/public_html/sjpanel-live/vendor/laravel/framework/src/Illuminate/Support/Facades/Facade.php:237

  2   Illuminate\Support\Facades\Facade::__callStatic("info")
      /var/www/html/sumitm/sjpanel.com/public_html/sjpanel-live/app/Console/Commands/CreateSurveyReport.php:92

  Please use the argument -v to see more details.

   Whoops\Exception\ErrorException  : Module 'newrelic' already loaded

  at Unknown:0
    1|

  Exception trace:

  1   Whoops\Run::handleError("Module 'newrelic' already loaded", "Unknown")
      /var/www/html/sumitm/sjpanel.com/public_html/sjpanel-live/vendor/filp/whoops/src/Whoops/Run.php:433

  2   Whoops\Run::handleShutdown()
      [internal]:0
